<?xml version="1.0" encoding="UTF-8" ?>
<testsuite tests="4" failures="0" name="servlets.CalcServletsTest" time="0.849" errors="0" skipped="0">
  <properties>
[...]
</properties>
  <testcase classname="servlets.CalcServletsTest" name="servlet_if_kwota_is_empty" time="0.177"/>
  <testcase classname="servlets.CalcServletsTest" name="servlet_if_kwota_is_null" time="0"/>
  <testcase classname="servlets.CalcServletsTest" name="servlet_if_data_is_correct_pdf" time="0.669"/>
  <testcase classname="servlets.CalcServletsTest" name="servlet_if_data_is_correct" time="0.003"/>
</testsuite>